  Data_P.cpp
\\vmware-host\shared folders\文稿\visual studio 2015\projects\macd1.0\macd1.0\data_p.cpp(12): error C2039: “ConcreteData_P_Data”: 不是“ConcreteData_P”的成员
  \\vmware-host\shared folders\文稿\visual studio 2015\projects\macd1.0\macd1.0\data_p.h(14): note: 参见“ConcreteData_P”的声明
\\vmware-host\shared folders\文稿\visual studio 2015\projects\macd1.0\macd1.0\data_p.cpp(13): error C4430: 缺少类型说明符 - 假定为 int。注意: C++ 不支持默认 int
\\vmware-host\shared folders\文稿\visual studio 2015\projects\macd1.0\macd1.0\data_p.cpp(14): error C2065: “path_file”: 未声明的标识符
\\vmware-host\shared folders\文稿\visual studio 2015\projects\macd1.0\macd1.0\data_p.cpp(14): error C2079: “fin”使用未定义的 class“std::basic_ifstream<char,std::char_traits<char>>”
\\vmware-host\shared folders\文稿\visual studio 2015\projects\macd1.0\macd1.0\data_p.cpp(17): error C2065: “vector”: 未声明的标识符
\\vmware-host\shared folders\文稿\visual studio 2015\projects\macd1.0\macd1.0\data_p.cpp(17): error C2275: “std::string”: 将此类型用作表达式非法
  c:\program files (x86)\microsoft visual studio 14.0\vc\include\xstring(2634): note: 参见“std::string”的声明
\\vmware-host\shared folders\文稿\visual studio 2015\projects\macd1.0\macd1.0\data_p.cpp(17): error C2065: “fields”: 未声明的标识符
\\vmware-host\shared folders\文稿\visual studio 2015\projects\macd1.0\macd1.0\data_p.cpp(18): error C2065: “vector”: 未声明的标识符
\\vmware-host\shared folders\文稿\visual studio 2015\projects\macd1.0\macd1.0\data_p.cpp(18): error C2275: “std::string”: 将此类型用作表达式非法
  c:\program files (x86)\microsoft visual studio 14.0\vc\include\xstring(2634): note: 参见“std::string”的声明
\\vmware-host\shared folders\文稿\visual studio 2015\projects\macd1.0\macd1.0\data_p.cpp(18): error C2065: “Data”: 未声明的标识符
\\vmware-host\shared folders\文稿\visual studio 2015\projects\macd1.0\macd1.0\data_p.cpp(20): error C3861: “getline”: 找不到标识符
\\vmware-host\shared folders\文稿\visual studio 2015\projects\macd1.0\macd1.0\data_p.cpp(22): error C2079: “sin”使用未定义的 class“std::basic_istringstream<char,std::char_traits<char>,std::allocator<char>>”
\\vmware-host\shared folders\文稿\visual studio 2015\projects\macd1.0\macd1.0\data_p.cpp(22): error C2440: “初始化”: 无法从“std::string”转换为“int”
  \\vmware-host\shared folders\文稿\visual studio 2015\projects\macd1.0\macd1.0\data_p.cpp(22): note: 没有可用于执行该转换的用户定义的转换运算符，或者无法调用该运算符
\\vmware-host\shared folders\文稿\visual studio 2015\projects\macd1.0\macd1.0\data_p.cpp(24): error C3861: “getline”: 找不到标识符
\\vmware-host\shared folders\文稿\visual studio 2015\projects\macd1.0\macd1.0\data_p.cpp(26): error C2065: “fields”: 未声明的标识符
\\vmware-host\shared folders\文稿\visual studio 2015\projects\macd1.0\macd1.0\data_p.cpp(26): error C2228: “.push_back”的左边必须有类/结构/联合
  \\vmware-host\shared folders\文稿\visual studio 2015\projects\macd1.0\macd1.0\data_p.cpp(26): note: 类型是“unknown-type”
\\vmware-host\shared folders\文稿\visual studio 2015\projects\macd1.0\macd1.0\data_p.cpp(28): error C2065: “Date”: 未声明的标识符
\\vmware-host\shared folders\文稿\visual studio 2015\projects\macd1.0\macd1.0\data_p.cpp(28): error C2228: “.push_back”的左边必须有类/结构/联合
  \\vmware-host\shared folders\文稿\visual studio 2015\projects\macd1.0\macd1.0\data_p.cpp(28): note: 类型是“unknown-type”
\\vmware-host\shared folders\文稿\visual studio 2015\projects\macd1.0\macd1.0\data_p.cpp(28): error C2065: “fields”: 未声明的标识符
\\vmware-host\shared folders\文稿\visual studio 2015\projects\macd1.0\macd1.0\data_p.cpp(32): error C2065: “Data”: 未声明的标识符
\\vmware-host\shared folders\文稿\visual studio 2015\projects\macd1.0\macd1.0\data_p.cpp(35): error C2039: “ConcreteData_P_Open”: 不是“ConcreteData_P”的成员
  \\vmware-host\shared folders\文稿\visual studio 2015\projects\macd1.0\macd1.0\data_p.h(14): note: 参见“ConcreteData_P”的声明
\\vmware-host\shared folders\文稿\visual studio 2015\projects\macd1.0\macd1.0\data_p.cpp(36): error C4430: 缺少类型说明符 - 假定为 int。注意: C++ 不支持默认 int
\\vmware-host\shared folders\文稿\visual studio 2015\projects\macd1.0\macd1.0\data_p.cpp(37): error C2065: “path_file”: 未声明的标识符
\\vmware-host\shared folders\文稿\visual studio 2015\projects\macd1.0\macd1.0\data_p.cpp(37): error C2079: “fin”使用未定义的 class“std::basic_ifstream<char,std::char_traits<char>>”
\\vmware-host\shared folders\文稿\visual studio 2015\projects\macd1.0\macd1.0\data_p.cpp(40): error C2065: “vector”: 未声明的标识符
\\vmware-host\shared folders\文稿\visual studio 2015\projects\macd1.0\macd1.0\data_p.cpp(40): error C2275: “std::string”: 将此类型用作表达式非法
  c:\program files (x86)\microsoft visual studio 14.0\vc\include\xstring(2634): note: 参见“std::string”的声明
\\vmware-host\shared folders\文稿\visual studio 2015\projects\macd1.0\macd1.0\data_p.cpp(40): error C2065: “fields”: 未声明的标识符
\\vmware-host\shared folders\文稿\visual studio 2015\projects\macd1.0\macd1.0\data_p.cpp(41): error C2065: “vector”: 未声明的标识符
\\vmware-host\shared folders\文稿\visual studio 2015\projects\macd1.0\macd1.0\data_p.cpp(41): error C2275: “std::string”: 将此类型用作表达式非法
  c:\program files (x86)\microsoft visual studio 14.0\vc\include\xstring(2634): note: 参见“std::string”的声明
\\vmware-host\shared folders\文稿\visual studio 2015\projects\macd1.0\macd1.0\data_p.cpp(41): error C2065: “Open”: 未声明的标识符
\\vmware-host\shared folders\文稿\visual studio 2015\projects\macd1.0\macd1.0\data_p.cpp(43): error C3861: “getline”: 找不到标识符
\\vmware-host\shared folders\文稿\visual studio 2015\projects\macd1.0\macd1.0\data_p.cpp(45): error C2079: “sin”使用未定义的 class“std::basic_istringstream<char,std::char_traits<char>,std::allocator<char>>”
\\vmware-host\shared folders\文稿\visual studio 2015\projects\macd1.0\macd1.0\data_p.cpp(45): error C2440: “初始化”: 无法从“std::string”转换为“int”
  \\vmware-host\shared folders\文稿\visual studio 2015\projects\macd1.0\macd1.0\data_p.cpp(45): note: 没有可用于执行该转换的用户定义的转换运算符，或者无法调用该运算符
\\vmware-host\shared folders\文稿\visual studio 2015\projects\macd1.0\macd1.0\data_p.cpp(47): error C3861: “getline”: 找不到标识符
\\vmware-host\shared folders\文稿\visual studio 2015\projects\macd1.0\macd1.0\data_p.cpp(49): error C2065: “fields”: 未声明的标识符
\\vmware-host\shared folders\文稿\visual studio 2015\projects\macd1.0\macd1.0\data_p.cpp(49): error C2228: “.push_back”的左边必须有类/结构/联合
  \\vmware-host\shared folders\文稿\visual studio 2015\projects\macd1.0\macd1.0\data_p.cpp(49): note: 类型是“unknown-type”
\\vmware-host\shared folders\文稿\visual studio 2015\projects\macd1.0\macd1.0\data_p.cpp(51): error C2065: “Open”: 未声明的标识符
\\vmware-host\shared folders\文稿\visual studio 2015\projects\macd1.0\macd1.0\data_p.cpp(51): error C2228: “.push_back”的左边必须有类/结构/联合
  \\vmware-host\shared folders\文稿\visual studio 2015\projects\macd1.0\macd1.0\data_p.cpp(51): note: 类型是“unknown-type”
\\vmware-host\shared folders\文稿\visual studio 2015\projects\macd1.0\macd1.0\data_p.cpp(51): error C2065: “fields”: 未声明的标识符
\\vmware-host\shared folders\文稿\visual studio 2015\projects\macd1.0\macd1.0\data_p.cpp(55): error C2065: “Open”: 未声明的标识符
\\vmware-host\shared folders\文稿\visual studio 2015\projects\macd1.0\macd1.0\data_p.cpp(58): error C2039: “ConcreteData_P_High”: 不是“ConcreteData_P”的成员
  \\vmware-host\shared folders\文稿\visual studio 2015\projects\macd1.0\macd1.0\data_p.h(14): note: 参见“ConcreteData_P”的声明
\\vmware-host\shared folders\文稿\visual studio 2015\projects\macd1.0\macd1.0\data_p.cpp(59): error C4430: 缺少类型说明符 - 假定为 int。注意: C++ 不支持默认 int
\\vmware-host\shared folders\文稿\visual studio 2015\projects\macd1.0\macd1.0\data_p.cpp(60): error C2065: “path_file”: 未声明的标识符
\\vmware-host\shared folders\文稿\visual studio 2015\projects\macd1.0\macd1.0\data_p.cpp(60): error C2079: “fin”使用未定义的 class“std::basic_ifstream<char,std::char_traits<char>>”
\\vmware-host\shared folders\文稿\visual studio 2015\projects\macd1.0\macd1.0\data_p.cpp(63): error C2065: “vector”: 未声明的标识符
\\vmware-host\shared folders\文稿\visual studio 2015\projects\macd1.0\macd1.0\data_p.cpp(63): error C2275: “std::string”: 将此类型用作表达式非法
  c:\program files (x86)\microsoft visual studio 14.0\vc\include\xstring(2634): note: 参见“std::string”的声明
\\vmware-host\shared folders\文稿\visual studio 2015\projects\macd1.0\macd1.0\data_p.cpp(63): error C2065: “fields”: 未声明的标识符
\\vmware-host\shared folders\文稿\visual studio 2015\projects\macd1.0\macd1.0\data_p.cpp(64): error C2065: “vector”: 未声明的标识符
\\vmware-host\shared folders\文稿\visual studio 2015\projects\macd1.0\macd1.0\data_p.cpp(64): error C2275: “std::string”: 将此类型用作表达式非法
  c:\program files (x86)\microsoft visual studio 14.0\vc\include\xstring(2634): note: 参见“std::string”的声明
\\vmware-host\shared folders\文稿\visual studio 2015\projects\macd1.0\macd1.0\data_p.cpp(64): error C2065: “High”: 未声明的标识符
\\vmware-host\shared folders\文稿\visual studio 2015\projects\macd1.0\macd1.0\data_p.cpp(65): error C3861: “getline”: 找不到标识符
\\vmware-host\shared folders\文稿\visual studio 2015\projects\macd1.0\macd1.0\data_p.cpp(67): error C2079: “sin”使用未定义的 class“std::basic_istringstream<char,std::char_traits<char>,std::allocator<char>>”
\\vmware-host\shared folders\文稿\visual studio 2015\projects\macd1.0\macd1.0\data_p.cpp(67): error C2440: “初始化”: 无法从“std::string”转换为“int”
  \\vmware-host\shared folders\文稿\visual studio 2015\projects\macd1.0\macd1.0\data_p.cpp(67): note: 没有可用于执行该转换的用户定义的转换运算符，或者无法调用该运算符
\\vmware-host\shared folders\文稿\visual studio 2015\projects\macd1.0\macd1.0\data_p.cpp(69): error C3861: “getline”: 找不到标识符
\\vmware-host\shared folders\文稿\visual studio 2015\projects\macd1.0\macd1.0\data_p.cpp(71): error C2065: “fields”: 未声明的标识符
\\vmware-host\shared folders\文稿\visual studio 2015\projects\macd1.0\macd1.0\data_p.cpp(71): error C2228: “.push_back”的左边必须有类/结构/联合
  \\vmware-host\shared folders\文稿\visual studio 2015\projects\macd1.0\macd1.0\data_p.cpp(71): note: 类型是“unknown-type”
\\vmware-host\shared folders\文稿\visual studio 2015\projects\macd1.0\macd1.0\data_p.cpp(73): error C2065: “High”: 未声明的标识符
\\vmware-host\shared folders\文稿\visual studio 2015\projects\macd1.0\macd1.0\data_p.cpp(73): error C2228: “.push_back”的左边必须有类/结构/联合
  \\vmware-host\shared folders\文稿\visual studio 2015\projects\macd1.0\macd1.0\data_p.cpp(73): note: 类型是“unknown-type”
\\vmware-host\shared folders\文稿\visual studio 2015\projects\macd1.0\macd1.0\data_p.cpp(73): error C2065: “fields”: 未声明的标识符
\\vmware-host\shared folders\文稿\visual studio 2015\projects\macd1.0\macd1.0\data_p.cpp(77): error C2065: “High”: 未声明的标识符
\\vmware-host\shared folders\文稿\visual studio 2015\projects\macd1.0\macd1.0\data_p.cpp(80): error C2039: “ConcreteData_P_Low”: 不是“ConcreteData_P”的成员
  \\vmware-host\shared folders\文稿\visual studio 2015\projects\macd1.0\macd1.0\data_p.h(14): note: 参见“ConcreteData_P”的声明
\\vmware-host\shared folders\文稿\visual studio 2015\projects\macd1.0\macd1.0\data_p.cpp(81): error C4430: 缺少类型说明符 - 假定为 int。注意: C++ 不支持默认 int
\\vmware-host\shared folders\文稿\visual studio 2015\projects\macd1.0\macd1.0\data_p.cpp(82): error C2065: “path_file”: 未声明的标识符
\\vmware-host\shared folders\文稿\visual studio 2015\projects\macd1.0\macd1.0\data_p.cpp(82): error C2079: “fin”使用未定义的 class“std::basic_ifstream<char,std::char_traits<char>>”
\\vmware-host\shared folders\文稿\visual studio 2015\projects\macd1.0\macd1.0\data_p.cpp(85): error C2065: “vector”: 未声明的标识符
\\vmware-host\shared folders\文稿\visual studio 2015\projects\macd1.0\macd1.0\data_p.cpp(85): error C2275: “std::string”: 将此类型用作表达式非法
  c:\program files (x86)\microsoft visual studio 14.0\vc\include\xstring(2634): note: 参见“std::string”的声明
\\vmware-host\shared folders\文稿\visual studio 2015\projects\macd1.0\macd1.0\data_p.cpp(85): error C2065: “fields”: 未声明的标识符
\\vmware-host\shared folders\文稿\visual studio 2015\projects\macd1.0\macd1.0\data_p.cpp(86): error C2065: “vector”: 未声明的标识符
\\vmware-host\shared folders\文稿\visual studio 2015\projects\macd1.0\macd1.0\data_p.cpp(86): error C2275: “std::string”: 将此类型用作表达式非法
  c:\program files (x86)\microsoft visual studio 14.0\vc\include\xstring(2634): note: 参见“std::string”的声明
\\vmware-host\shared folders\文稿\visual studio 2015\projects\macd1.0\macd1.0\data_p.cpp(86): error C2065: “Low”: 未声明的标识符
\\vmware-host\shared folders\文稿\visual studio 2015\projects\macd1.0\macd1.0\data_p.cpp(88): error C3861: “getline”: 找不到标识符
\\vmware-host\shared folders\文稿\visual studio 2015\projects\macd1.0\macd1.0\data_p.cpp(90): error C2079: “sin”使用未定义的 class“std::basic_istringstream<char,std::char_traits<char>,std::allocator<char>>”
\\vmware-host\shared folders\文稿\visual studio 2015\projects\macd1.0\macd1.0\data_p.cpp(90): error C2440: “初始化”: 无法从“std::string”转换为“int”
  \\vmware-host\shared folders\文稿\visual studio 2015\projects\macd1.0\macd1.0\data_p.cpp(90): note: 没有可用于执行该转换的用户定义的转换运算符，或者无法调用该运算符
\\vmware-host\shared folders\文稿\visual studio 2015\projects\macd1.0\macd1.0\data_p.cpp(92): error C3861: “getline”: 找不到标识符
\\vmware-host\shared folders\文稿\visual studio 2015\projects\macd1.0\macd1.0\data_p.cpp(94): error C2065: “fields”: 未声明的标识符
\\vmware-host\shared folders\文稿\visual studio 2015\projects\macd1.0\macd1.0\data_p.cpp(94): error C2228: “.push_back”的左边必须有类/结构/联合
  \\vmware-host\shared folders\文稿\visual studio 2015\projects\macd1.0\macd1.0\data_p.cpp(94): note: 类型是“unknown-type”
\\vmware-host\shared folders\文稿\visual studio 2015\projects\macd1.0\macd1.0\data_p.cpp(96): error C2065: “Low”: 未声明的标识符
\\vmware-host\shared folders\文稿\visual studio 2015\projects\macd1.0\macd1.0\data_p.cpp(96): error C2228: “.push_back”的左边必须有类/结构/联合
  \\vmware-host\shared folders\文稿\visual studio 2015\projects\macd1.0\macd1.0\data_p.cpp(96): note: 类型是“unknown-type”
\\vmware-host\shared folders\文稿\visual studio 2015\projects\macd1.0\macd1.0\data_p.cpp(96): error C2065: “fields”: 未声明的标识符
\\vmware-host\shared folders\文稿\visual studio 2015\projects\macd1.0\macd1.0\data_p.cpp(101): error C2065: “Low”: 未声明的标识符
\\vmware-host\shared folders\文稿\visual studio 2015\projects\macd1.0\macd1.0\data_p.cpp(104): error C2039: “ConcreteData_P_Close”: 不是“ConcreteData_P”的成员
  \\vmware-host\shared folders\文稿\visual studio 2015\projects\macd1.0\macd1.0\data_p.h(14): note: 参见“ConcreteData_P”的声明
\\vmware-host\shared folders\文稿\visual studio 2015\projects\macd1.0\macd1.0\data_p.cpp(105): error C4430: 缺少类型说明符 - 假定为 int。注意: C++ 不支持默认 int
\\vmware-host\shared folders\文稿\visual studio 2015\projects\macd1.0\macd1.0\data_p.cpp(106): error C2065: “path_file”: 未声明的标识符
\\vmware-host\shared folders\文稿\visual studio 2015\projects\macd1.0\macd1.0\data_p.cpp(106): error C2079: “fin”使用未定义的 class“std::basic_ifstream<char,std::char_traits<char>>”
\\vmware-host\shared folders\文稿\visual studio 2015\projects\macd1.0\macd1.0\data_p.cpp(109): error C2065: “vector”: 未声明的标识符
\\vmware-host\shared folders\文稿\visual studio 2015\projects\macd1.0\macd1.0\data_p.cpp(109): error C2275: “std::string”: 将此类型用作表达式非法
  c:\program files (x86)\microsoft visual studio 14.0\vc\include\xstring(2634): note: 参见“std::string”的声明
\\vmware-host\shared folders\文稿\visual studio 2015\projects\macd1.0\macd1.0\data_p.cpp(109): error C2065: “fields”: 未声明的标识符
\\vmware-host\shared folders\文稿\visual studio 2015\projects\macd1.0\macd1.0\data_p.cpp(110): error C2065: “vector”: 未声明的标识符
\\vmware-host\shared folders\文稿\visual studio 2015\projects\macd1.0\macd1.0\data_p.cpp(110): error C2275: “std::string”: 将此类型用作表达式非法
  c:\program files (x86)\microsoft visual studio 14.0\vc\include\xstring(2634): note: 参见“std::string”的声明
\\vmware-host\shared folders\文稿\visual studio 2015\projects\macd1.0\macd1.0\data_p.cpp(110): error C2065: “Close”: 未声明的标识符
\\vmware-host\shared folders\文稿\visual studio 2015\projects\macd1.0\macd1.0\data_p.cpp(112): error C3861: “getline”: 找不到标识符
\\vmware-host\shared folders\文稿\visual studio 2015\projects\macd1.0\macd1.0\data_p.cpp(114): error C2079: “sin”使用未定义的 class“std::basic_istringstream<char,std::char_traits<char>,std::allocator<char>>”
\\vmware-host\shared folders\文稿\visual studio 2015\projects\macd1.0\macd1.0\data_p.cpp(114): error C2440: “初始化”: 无法从“std::string”转换为“int”
  \\vmware-host\shared folders\文稿\visual studio 2015\projects\macd1.0\macd1.0\data_p.cpp(114): note: 没有可用于执行该转换的用户定义的转换运算符，或者无法调用该运算符
\\vmware-host\shared folders\文稿\visual studio 2015\projects\macd1.0\macd1.0\data_p.cpp(116): error C3861: “getline”: 找不到标识符
\\vmware-host\shared folders\文稿\visual studio 2015\projects\macd1.0\macd1.0\data_p.cpp(118): error C2065: “fields”: 未声明的标识符
\\vmware-host\shared folders\文稿\visual studio 2015\projects\macd1.0\macd1.0\data_p.cpp(118): error C2228: “.push_back”的左边必须有类/结构/联合
  \\vmware-host\shared folders\文稿\visual studio 2015\projects\macd1.0\macd1.0\data_p.cpp(118): note: 类型是“unknown-type”
\\vmware-host\shared folders\文稿\visual studio 2015\projects\macd1.0\macd1.0\data_p.cpp(120): error C2065: “Close”: 未声明的标识符
\\vmware-host\shared folders\文稿\visual studio 2015\projects\macd1.0\macd1.0\data_p.cpp(120): error C2228: “.push_back”的左边必须有类/结构/联合
  \\vmware-host\shared folders\文稿\visual studio 2015\projects\macd1.0\macd1.0\data_p.cpp(120): note: 类型是“unknown-type”
\\vmware-host\shared folders\文稿\visual studio 2015\projects\macd1.0\macd1.0\data_p.cpp(120): error C2065: “fields”: 未声明的标识符
\\vmware-host\shared folders\文稿\visual studio 2015\projects\macd1.0\macd1.0\data_p.cpp(124): error C2065: “Close”: 未声明的标识符
\\vmware-host\shared folders\文稿\visual studio 2015\projects\macd1.0\macd1.0\data_p.cpp(127): error C2039: “ConcreteData_P_Volume”: 不是“ConcreteData_P”的成员
  \\vmware-host\shared folders\文稿\visual studio 2015\projects\macd1.0\macd1.0\data_p.h(14): note: 参见“ConcreteData_P”的声明
\\vmware-host\shared folders\文稿\visual studio 2015\projects\macd1.0\macd1.0\data_p.cpp(128): error C4430: 缺少类型说明符 - 假定为 int。注意: C++ 不支持默认 int
\\vmware-host\shared folders\文稿\visual studio 2015\projects\macd1.0\macd1.0\data_p.cpp(129): error C2065: “path_file”: 未声明的标识符
\\vmware-host\shared folders\文稿\visual studio 2015\projects\macd1.0\macd1.0\data_p.cpp(129): error C2079: “fin”使用未定义的 class“std::basic_ifstream<char,std::char_traits<char>>”
\\vmware-host\shared folders\文稿\visual studio 2015\projects\macd1.0\macd1.0\data_p.cpp(132): error C2065: “vector”: 未声明的标识符
\\vmware-host\shared folders\文稿\visual studio 2015\projects\macd1.0\macd1.0\data_p.cpp(132): error C2275: “std::string”: 将此类型用作表达式非法
  c:\program files (x86)\microsoft visual studio 14.0\vc\include\xstring(2634): note: 参见“std::string”的声明
\\vmware-host\shared folders\文稿\visual studio 2015\projects\macd1.0\macd1.0\data_p.cpp(132): error C2065: “fields”: 未声明的标识符
\\vmware-host\shared folders\文稿\visual studio 2015\projects\macd1.0\macd1.0\data_p.cpp(132): fatal error C1003: 错误计数超过 100；正在停止编译
